0 info it worked if it ends with ok
1 verbose cli [ '/Users/dsegal/.nvm/v0.10.21/bin/node',
1 verbose cli   '/Users/dsegal/.nvm/v0.10.21/bin/npm',
1 verbose cli   'publish',
1 verbose cli   '0.2.2' ]
2 info using npm@1.3.11
3 info using node@v0.10.21
4 verbose publish [ '0.2.2' ]
5 verbose cache add [ '0.2.2', null ]
6 verbose cache add name=undefined spec="0.2.2" args=["0.2.2",null]
7 verbose parsed url { protocol: null,
7 verbose parsed url   slashes: null,
7 verbose parsed url   auth: null,
7 verbose parsed url   host: null,
7 verbose parsed url   port: null,
7 verbose parsed url   hostname: null,
7 verbose parsed url   hash: null,
7 verbose parsed url   search: null,
7 verbose parsed url   query: null,
7 verbose parsed url   pathname: '0.2.2',
7 verbose parsed url   path: '0.2.2',
7 verbose parsed url   href: '0.2.2' }
8 silly lockFile 17fcfeb4-0-2-2 0.2.2
9 verbose lock 0.2.2 /Users/dsegal/.npm/17fcfeb4-0-2-2.lock
10 silly lockFile 17fcfeb4-0-2-2 0.2.2
11 silly lockFile 17fcfeb4-0-2-2 0.2.2
12 verbose addNamed [ '0.2.2', '' ]
13 verbose addNamed [ null, '*' ]
14 silly lockFile 7e682a48-0-2-2 0.2.2@
15 verbose lock 0.2.2@ /Users/dsegal/.npm/7e682a48-0-2-2.lock
16 silly addNameRange { name: '0.2.2', range: '*', hasData: false }
17 verbose url raw 0.2.2
18 verbose url resolving [ 'https://registry.npmjs.org/', './0.2.2' ]
19 verbose url resolved https://registry.npmjs.org/0.2.2
20 info trying registry request attempt 1 at 09:01:49
21 http GET https://registry.npmjs.org/0.2.2
22 http 404 https://registry.npmjs.org/0.2.2
23 silly registry.get cb [ 404,
23 silly registry.get   { date: 'Thu, 24 Apr 2014 16:01:49 GMT',
23 silly registry.get     server: 'CouchDB/1.5.0 (Erlang OTP/R14B04)',
23 silly registry.get     'content-type': 'application/json',
23 silly registry.get     'accept-ranges': 'bytes',
23 silly registry.get     via: '1.1 varnish',
23 silly registry.get     'cache-control': 'max-age=0',
23 silly registry.get     'content-length': '52',
23 silly registry.get     'x-served-by': 'cache-v41-ASH, cache-lax1423-LAX',
23 silly registry.get     'x-cache': 'MISS, MISS',
23 silly registry.get     'x-cache-hits': '0, 0',
23 silly registry.get     'x-timer': 'S1398355309.657186031,VS0,VS33,VE130,VE160',
23 silly registry.get     'keep-alive': 'timeout=10, max=50',
23 silly registry.get     connection: 'Keep-Alive' } ]
24 silly lockFile 7e682a48-0-2-2 0.2.2@
25 silly lockFile 7e682a48-0-2-2 0.2.2@
26 error 404 '0.2.2' is not in the npm registry.
26 error 404 You should bug the author to publish it
26 error 404
26 error 404 Note that you can also install from a
26 error 404 tarball, folder, or http url, or git url.
27 error System Darwin 13.1.0
28 error command "/Users/dsegal/.nvm/v0.10.21/bin/node" "/Users/dsegal/.nvm/v0.10.21/bin/npm" "publish" "0.2.2"
29 error cwd /Users/dsegal/Webdev/Proxkey
30 error node -v v0.10.21
31 error npm -v 1.3.11
32 error code E404
33 verbose exit [ 1, true ]
